<?xml version="1.0" encoding="UTF-8"?>
<robot generator="Robot 4.1.2 (Python 3.10.0 on win32)" generated="20211101 00:42:24.300" rpa="false" schemaversion="2">
<suite id="s1" name="Test" source="C:\qaninja\robot\test.robot">
<test id="s1-t1" name="Deve retornar mensagemde boas vindas">
<kw name="Welcome" library="app">
<var>${result}</var>
<arg>Everton</arg>
<msg timestamp="20211101 00:42:24.325" level="INFO">${result} = Olá Everton, bem vindo ao curso!</msg>
<status status="PASS" starttime="20211101 00:42:24.325" endtime="20211101 00:42:24.325"/>
</kw>
<kw name="Should Be Equal" library="BuiltIn">
<arg>${result}</arg>
<arg>Olá Everton, bem vindo ao curs!</arg>
<doc>Fails if the given objects are unequal.</doc>
<msg timestamp="20211101 00:42:24.326" level="FAIL">Olá Everton, bem vindo ao curso! != Olá Everton, bem vindo ao curs!</msg>
<status status="FAIL" starttime="20211101 00:42:24.325" endtime="20211101 00:42:24.326"/>
</kw>
<status status="FAIL" starttime="20211101 00:42:24.324" endtime="20211101 00:42:24.327">Olá Everton, bem vindo ao curso! != Olá Everton, bem vindo ao curs!</status>
</test>
<status status="FAIL" starttime="20211101 00:42:24.301" endtime="20211101 00:42:24.329"/>
</suite>
<statistics>
<total>
<stat pass="0" fail="1" skip="0">All Tests</stat>
</total>
<tag>
</tag>
<suite>
<stat pass="0" fail="1" skip="0" id="s1" name="Test">Test</stat>
</suite>
</statistics>
<errors>
</errors>
</robot>
