<?xml version="1.0" encoding="UTF-8"?>
<robot generator="Robot 4.1.2 (Python 3.10.0 on win32)" generated="20211101 03:18:51.405" rpa="false" schemaversion="2">
<suite id="s1" name="Tables" source="C:\qaninja\robot\web\tests\tables.robot">
<test id="s1-t1" name="Verifica o valor ao informar o numero da linha">
<kw name="Nova sessão" library="base" type="SETUP">
<kw name="Open Browser" library="SeleniumLibrary">
<arg>${url}</arg>
<arg>Google Chrome</arg>
<doc>Opens a new browser instance to the optional ``url``.</doc>
<msg timestamp="20211101 03:18:51.594" level="INFO">Opening browser 'Google Chrome' to base url 'https://training-wheels-protocol.herokuapp.com'.</msg>
<status status="PASS" starttime="20211101 03:18:51.594" endtime="20211101 03:18:54.924"/>
</kw>
<status status="PASS" starttime="20211101 03:18:51.594" endtime="20211101 03:18:54.924"/>
</kw>
<kw name="Go To" library="SeleniumLibrary">
<arg>${url}/tables</arg>
<doc>Navigates the current browser window to the provided ``url``.</doc>
<msg timestamp="20211101 03:18:54.925" level="INFO">Opening url 'https://training-wheels-protocol.herokuapp.com/tables'</msg>
<status status="PASS" starttime="20211101 03:18:54.925" endtime="20211101 03:18:55.289"/>
</kw>
<kw name="Table Row Should Contain" library="SeleniumLibrary">
<arg>id: actors</arg>
<arg>1</arg>
<arg>@robertdowneyjr</arg>
<doc>Verifies that table row contains text ``expected``.</doc>
<status status="PASS" starttime="20211101 03:18:55.290" endtime="20211101 03:18:55.364"/>
</kw>
<kw name="Encerra sessão" library="base" type="TEARDOWN">
<kw name="Capture Page Screenshot" library="SeleniumLibrary">
<doc>Takes a screenshot of the current page and embeds it into a log file.</doc>
<msg timestamp="20211101 03:18:55.485" level="INFO" html="true">&lt;/td&gt;&lt;/tr&gt;&lt;tr&gt;&lt;td colspan="3"&gt;&lt;a href="selenium-screenshot-17.png"&gt;&lt;img src="selenium-screenshot-17.png" width="800px"&gt;&lt;/a&gt;</msg>
<status status="PASS" starttime="20211101 03:18:55.365" endtime="20211101 03:18:55.485"/>
</kw>
<kw name="Close Browser" library="SeleniumLibrary">
<doc>Closes the current browser.</doc>
<status status="PASS" starttime="20211101 03:18:55.485" endtime="20211101 03:18:57.608"/>
</kw>
<status status="PASS" starttime="20211101 03:18:55.365" endtime="20211101 03:18:57.608"/>
</kw>
<status status="PASS" starttime="20211101 03:18:51.593" endtime="20211101 03:18:57.609"/>
</test>
<status status="PASS" starttime="20211101 03:18:51.407" endtime="20211101 03:18:57.610"/>
</suite>
<statistics>
<total>
<stat pass="1" fail="0" skip="0">All Tests</stat>
</total>
<tag>
</tag>
<suite>
<stat pass="1" fail="0" skip="0" id="s1" name="Tables">Tables</stat>
</suite>
</statistics>
<errors>
</errors>
</robot>
