<?xml version="1.0" encoding="UTF-8"?>
<robot generator="Robot 4.1.2 (Python 3.10.0 on win32)" generated="20211101 03:49:42.993" rpa="false" schemaversion="2">
<suite id="s1" name="Login Form" source="C:\qaninja\robot\web\tests\login_form.robot">
<test id="s1-t1" name="Login com sucesso">
<kw name="Nova sessão" library="base" type="SETUP">
<kw name="Open Browser" library="SeleniumLibrary">
<arg>${url}</arg>
<arg>Google Chrome</arg>
<doc>Opens a new browser instance to the optional ``url``.</doc>
<msg timestamp="20211101 03:49:43.183" level="INFO">Opening browser 'Google Chrome' to base url 'https://training-wheels-protocol.herokuapp.com'.</msg>
<status status="PASS" starttime="20211101 03:49:43.183" endtime="20211101 03:49:46.540"/>
</kw>
<status status="PASS" starttime="20211101 03:49:43.182" endtime="20211101 03:49:46.540"/>
</kw>
<kw name="Go To" library="SeleniumLibrary">
<arg>${url}/login</arg>
<doc>Navigates the current browser window to the provided ``url``.</doc>
<msg timestamp="20211101 03:49:46.541" level="INFO">Opening url 'https://training-wheels-protocol.herokuapp.com/login'</msg>
<status status="PASS" starttime="20211101 03:49:46.541" endtime="20211101 03:49:47.136"/>
</kw>
<kw name="Input Text" library="SeleniumLibrary">
<arg>css:input[name=username]</arg>
<arg>stark</arg>
<doc>Types the given ``text`` into the text field identified by ``locator``.</doc>
<msg timestamp="20211101 03:49:47.137" level="INFO">Typing text 'stark' into text field 'css:input[name=username]'.</msg>
<status status="PASS" starttime="20211101 03:49:47.136" endtime="20211101 03:49:47.231"/>
</kw>
<kw name="Sleep" library="BuiltIn">
<arg>5</arg>
<doc>Pauses the test executed for the given time.</doc>
<msg timestamp="20211101 03:49:52.246" level="INFO">Slept 5 seconds</msg>
<status status="PASS" starttime="20211101 03:49:47.231" endtime="20211101 03:49:52.246"/>
</kw>
<kw name="Input Text" library="SeleniumLibrary">
<arg>css:input[name=password]</arg>
<arg>jarvis!</arg>
<doc>Types the given ``text`` into the text field identified by ``locator``.</doc>
<msg timestamp="20211101 03:49:52.247" level="INFO">Typing text 'jarvis!' into text field 'css:input[name=password]'.</msg>
<status status="PASS" starttime="20211101 03:49:52.246" endtime="20211101 03:49:52.352"/>
</kw>
<kw name="Sleep" library="BuiltIn">
<arg>5</arg>
<doc>Pauses the test executed for the given time.</doc>
<msg timestamp="20211101 03:49:57.356" level="INFO">Slept 5 seconds</msg>
<status status="PASS" starttime="20211101 03:49:52.352" endtime="20211101 03:49:57.356"/>
</kw>
<kw name="Click Element" library="SeleniumLibrary">
<arg>class:btn-login</arg>
<doc>Click the element identified by ``locator``.</doc>
<msg timestamp="20211101 03:49:57.356" level="INFO">Clicking element 'class:btn-login'.</msg>
<status status="PASS" starttime="20211101 03:49:57.356" endtime="20211101 03:49:57.834"/>
</kw>
<kw name="Sleep" library="BuiltIn">
<arg>5</arg>
<doc>Pauses the test executed for the given time.</doc>
<msg timestamp="20211101 03:50:02.837" level="INFO">Slept 5 seconds</msg>
<status status="PASS" starttime="20211101 03:49:57.834" endtime="20211101 03:50:02.837"/>
</kw>
<kw name="Page Should Contain" library="SeleniumLibrary">
<arg>Olá, Tony Stark. Você acessou a área logada!</arg>
<doc>Verifies that current page contains ``text``.</doc>
<msg timestamp="20211101 03:50:02.853" level="INFO">Current page contains text 'Olá, Tony Stark. Você acessou a área logada!'.</msg>
<status status="PASS" starttime="20211101 03:50:02.837" endtime="20211101 03:50:02.853"/>
</kw>
<kw name="Encerra sessão" library="base" type="TEARDOWN">
<kw name="Capture Page Screenshot" library="SeleniumLibrary">
<doc>Takes a screenshot of the current page and embeds it into a log file.</doc>
<msg timestamp="20211101 03:50:02.981" level="INFO" html="true">&lt;/td&gt;&lt;/tr&gt;&lt;tr&gt;&lt;td colspan="3"&gt;&lt;a href="selenium-screenshot-34.png"&gt;&lt;img src="selenium-screenshot-34.png" width="800px"&gt;&lt;/a&gt;</msg>
<status status="PASS" starttime="20211101 03:50:02.854" endtime="20211101 03:50:02.981"/>
</kw>
<kw name="Close Browser" library="SeleniumLibrary">
<doc>Closes the current browser.</doc>
<status status="PASS" starttime="20211101 03:50:02.981" endtime="20211101 03:50:05.092"/>
</kw>
<status status="PASS" starttime="20211101 03:50:02.853" endtime="20211101 03:50:05.092"/>
</kw>
<status status="PASS" starttime="20211101 03:49:43.182" endtime="20211101 03:50:05.093"/>
</test>
<status status="PASS" starttime="20211101 03:49:42.995" endtime="20211101 03:50:05.095"/>
</suite>
<statistics>
<total>
<stat pass="1" fail="0" skip="0">All Tests</stat>
</total>
<tag>
</tag>
<suite>
<stat pass="1" fail="0" skip="0" id="s1" name="Login Form">Login Form</stat>
</suite>
</statistics>
<errors>
</errors>
</robot>
