<?xml version="1.0" encoding="UTF-8"?>
<robot generator="Robot 4.1.2 (Python 3.10.0 on win32)" generated="20211101 02:33:50.267" rpa="false" schemaversion="2">
<suite id="s1" name="Tests" source="C:\qaninja\robot\web\tests">
<suite id="s1-s1" name="Chekbox" source="C:\qaninja\robot\web\tests\chekbox.robot">
<test id="s1-s1-t1" name="Marcando opção Id">
<kw name="Nova sessão" library="base" type="SETUP">
<kw name="Open Browser" library="SeleniumLibrary">
<arg>${url}</arg>
<arg>Google Chrome</arg>
<doc>Opens a new browser instance to the optional ``url``.</doc>
<msg timestamp="20211101 02:33:50.472" level="INFO">Opening browser 'Google Chrome' to base url 'https://training-wheels-protocol.herokuapp.com'.</msg>
<status status="PASS" starttime="20211101 02:33:50.472" endtime="20211101 02:33:54.158"/>
</kw>
<status status="PASS" starttime="20211101 02:33:50.471" endtime="20211101 02:33:54.159"/>
</kw>
<kw name="Go To" library="SeleniumLibrary">
<arg>${url}/checkboxes</arg>
<doc>Navigates the current browser window to the provided ``url``.</doc>
<msg timestamp="20211101 02:33:54.159" level="INFO">Opening url 'https://training-wheels-protocol.herokuapp.com/checkboxes'</msg>
<status status="PASS" starttime="20211101 02:33:54.159" endtime="20211101 02:33:54.488"/>
</kw>
<kw name="Select Checkbox" library="SeleniumLibrary">
<arg>${check_thor}</arg>
<doc>Selects the checkbox identified by ``locator``.</doc>
<msg timestamp="20211101 02:33:54.491" level="INFO">Selecting checkbox 'id:thor'.</msg>
<status status="PASS" starttime="20211101 02:33:54.490" endtime="20211101 02:33:54.580"/>
</kw>
<kw name="Checkbox Should Be Selected" library="SeleniumLibrary">
<arg>${check_thor}</arg>
<doc>Verifies checkbox ``locator`` is selected/checked.</doc>
<msg timestamp="20211101 02:33:54.581" level="INFO">Verifying checkbox 'id:thor' is selected.</msg>
<status status="PASS" starttime="20211101 02:33:54.581" endtime="20211101 02:33:54.603"/>
</kw>
<kw name="Encerra sessão" library="base" type="TEARDOWN">
<kw name="Capture Page Screenshot" library="SeleniumLibrary">
<doc>Takes a screenshot of the current page and embeds it into a log file.</doc>
<msg timestamp="20211101 02:33:54.732" level="INFO" html="true">&lt;/td&gt;&lt;/tr&gt;&lt;tr&gt;&lt;td colspan="3"&gt;&lt;a href="selenium-screenshot-2.png"&gt;&lt;img src="selenium-screenshot-2.png" width="800px"&gt;&lt;/a&gt;</msg>
<status status="PASS" starttime="20211101 02:33:54.604" endtime="20211101 02:33:54.732"/>
</kw>
<kw name="Close Browser" library="SeleniumLibrary">
<doc>Closes the current browser.</doc>
<status status="PASS" starttime="20211101 02:33:54.732" endtime="20211101 02:33:56.878"/>
</kw>
<status status="PASS" starttime="20211101 02:33:54.603" endtime="20211101 02:33:56.878"/>
</kw>
<status status="PASS" starttime="20211101 02:33:50.471" endtime="20211101 02:33:56.878"/>
</test>
<test id="s1-s1-t2" name="Marcando opção com CssSelector">
<kw name="Nova sessão" library="base" type="SETUP">
<kw name="Open Browser" library="SeleniumLibrary">
<arg>${url}</arg>
<arg>Google Chrome</arg>
<doc>Opens a new browser instance to the optional ``url``.</doc>
<msg timestamp="20211101 02:33:56.881" level="INFO">Opening browser 'Google Chrome' to base url 'https://training-wheels-protocol.herokuapp.com'.</msg>
<status status="PASS" starttime="20211101 02:33:56.880" endtime="20211101 02:34:00.311"/>
</kw>
<status status="PASS" starttime="20211101 02:33:56.880" endtime="20211101 02:34:00.311"/>
</kw>
<kw name="Go To" library="SeleniumLibrary">
<arg>${url}/checkboxes</arg>
<doc>Navigates the current browser window to the provided ``url``.</doc>
<msg timestamp="20211101 02:34:00.312" level="INFO">Opening url 'https://training-wheels-protocol.herokuapp.com/checkboxes'</msg>
<status status="PASS" starttime="20211101 02:34:00.311" endtime="20211101 02:34:00.608"/>
</kw>
<kw name="Select Checkbox" library="SeleniumLibrary">
<arg>${check_ironman}</arg>
<doc>Selects the checkbox identified by ``locator``.</doc>
<msg timestamp="20211101 02:34:00.609" level="INFO">Selecting checkbox 'css:input[value="iron-man"]'.</msg>
<status status="PASS" starttime="20211101 02:34:00.608" endtime="20211101 02:34:00.701"/>
</kw>
<kw name="Checkbox Should Be Selected" library="SeleniumLibrary">
<arg>${check_ironman}</arg>
<doc>Verifies checkbox ``locator`` is selected/checked.</doc>
<msg timestamp="20211101 02:34:00.702" level="INFO">Verifying checkbox 'css:input[value="iron-man"]' is selected.</msg>
<status status="PASS" starttime="20211101 02:34:00.701" endtime="20211101 02:34:00.727"/>
</kw>
<kw name="Encerra sessão" library="base" type="TEARDOWN">
<kw name="Capture Page Screenshot" library="SeleniumLibrary">
<doc>Takes a screenshot of the current page and embeds it into a log file.</doc>
<msg timestamp="20211101 02:34:00.870" level="INFO" html="true">&lt;/td&gt;&lt;/tr&gt;&lt;tr&gt;&lt;td colspan="3"&gt;&lt;a href="selenium-screenshot-3.png"&gt;&lt;img src="selenium-screenshot-3.png" width="800px"&gt;&lt;/a&gt;</msg>
<status status="PASS" starttime="20211101 02:34:00.727" endtime="20211101 02:34:00.870"/>
</kw>
<kw name="Close Browser" library="SeleniumLibrary">
<doc>Closes the current browser.</doc>
<status status="PASS" starttime="20211101 02:34:00.870" endtime="20211101 02:34:03.012"/>
</kw>
<status status="PASS" starttime="20211101 02:34:00.727" endtime="20211101 02:34:03.012"/>
</kw>
<status status="PASS" starttime="20211101 02:33:56.879" endtime="20211101 02:34:03.012"/>
</test>
<test id="s1-s1-t3" name="Marcando opção com Xpath">
<kw name="Nova sessão" library="base" type="SETUP">
<kw name="Open Browser" library="SeleniumLibrary">
<arg>${url}</arg>
<arg>Google Chrome</arg>
<doc>Opens a new browser instance to the optional ``url``.</doc>
<msg timestamp="20211101 02:34:03.015" level="INFO">Opening browser 'Google Chrome' to base url 'https://training-wheels-protocol.herokuapp.com'.</msg>
<status status="PASS" starttime="20211101 02:34:03.014" endtime="20211101 02:34:06.426"/>
</kw>
<status status="PASS" starttime="20211101 02:34:03.014" endtime="20211101 02:34:06.426"/>
</kw>
<kw name="Go To" library="SeleniumLibrary">
<arg>${url}/checkboxes</arg>
<doc>Navigates the current browser window to the provided ``url``.</doc>
<msg timestamp="20211101 02:34:06.427" level="INFO">Opening url 'https://training-wheels-protocol.herokuapp.com/checkboxes'</msg>
<status status="PASS" starttime="20211101 02:34:06.426" endtime="20211101 02:34:06.725"/>
</kw>
<kw name="Select Checkbox" library="SeleniumLibrary">
<arg>${check_pantera}</arg>
<doc>Selects the checkbox identified by ``locator``.</doc>
<msg timestamp="20211101 02:34:06.726" level="INFO">Selecting checkbox 'xpath://*[@id='checkboxes']/input[7]'.</msg>
<status status="PASS" starttime="20211101 02:34:06.726" endtime="20211101 02:34:06.818"/>
</kw>
<kw name="Checkbox Should Be Selected" library="SeleniumLibrary">
<arg>${check_pantera}</arg>
<doc>Verifies checkbox ``locator`` is selected/checked.</doc>
<msg timestamp="20211101 02:34:06.819" level="INFO">Verifying checkbox 'xpath://*[@id='checkboxes']/input[7]' is selected.</msg>
<status status="PASS" starttime="20211101 02:34:06.819" endtime="20211101 02:34:06.841"/>
</kw>
<kw name="Encerra sessão" library="base" type="TEARDOWN">
<kw name="Capture Page Screenshot" library="SeleniumLibrary">
<doc>Takes a screenshot of the current page and embeds it into a log file.</doc>
<msg timestamp="20211101 02:34:06.984" level="INFO" html="true">&lt;/td&gt;&lt;/tr&gt;&lt;tr&gt;&lt;td colspan="3"&gt;&lt;a href="selenium-screenshot-4.png"&gt;&lt;img src="selenium-screenshot-4.png" width="800px"&gt;&lt;/a&gt;</msg>
<status status="PASS" starttime="20211101 02:34:06.842" endtime="20211101 02:34:06.984"/>
</kw>
<kw name="Close Browser" library="SeleniumLibrary">
<doc>Closes the current browser.</doc>
<status status="PASS" starttime="20211101 02:34:06.985" endtime="20211101 02:34:09.133"/>
</kw>
<status status="PASS" starttime="20211101 02:34:06.841" endtime="20211101 02:34:09.133"/>
</kw>
<tag>ironman</tag>
<status status="PASS" starttime="20211101 02:34:03.014" endtime="20211101 02:34:09.133"/>
</test>
<status status="PASS" starttime="20211101 02:33:50.291" endtime="20211101 02:34:09.135"/>
</suite>
<suite id="s1-s2" name="Title" source="C:\qaninja\robot\web\tests\title.robot">
<test id="s1-s2-t1" name="Deve validar o Título">
<kw name="Nova sessão" library="base" type="SETUP">
<kw name="Open Browser" library="SeleniumLibrary">
<arg>${url}</arg>
<arg>Google Chrome</arg>
<doc>Opens a new browser instance to the optional ``url``.</doc>
<msg timestamp="20211101 02:34:09.143" level="INFO">Opening browser 'Google Chrome' to base url 'https://training-wheels-protocol.herokuapp.com'.</msg>
<status status="PASS" starttime="20211101 02:34:09.143" endtime="20211101 02:34:12.542"/>
</kw>
<status status="PASS" starttime="20211101 02:34:09.142" endtime="20211101 02:34:12.542"/>
</kw>
<kw name="Title Should Be" library="SeleniumLibrary">
<arg>Training Wheels Protocol</arg>
<doc>Verifies that the current page title equals ``title``.</doc>
<msg timestamp="20211101 02:34:12.549" level="INFO">Page title is 'Training Wheels Protocol'.</msg>
<status status="PASS" starttime="20211101 02:34:12.542" endtime="20211101 02:34:12.549"/>
</kw>
<kw name="Encerra sessão" library="base" type="TEARDOWN">
<kw name="Capture Page Screenshot" library="SeleniumLibrary">
<doc>Takes a screenshot of the current page and embeds it into a log file.</doc>
<msg timestamp="20211101 02:34:12.744" level="INFO" html="true">&lt;/td&gt;&lt;/tr&gt;&lt;tr&gt;&lt;td colspan="3"&gt;&lt;a href="selenium-screenshot-5.png"&gt;&lt;img src="selenium-screenshot-5.png" width="800px"&gt;&lt;/a&gt;</msg>
<status status="PASS" starttime="20211101 02:34:12.550" endtime="20211101 02:34:12.744"/>
</kw>
<kw name="Close Browser" library="SeleniumLibrary">
<doc>Closes the current browser.</doc>
<status status="PASS" starttime="20211101 02:34:12.744" endtime="20211101 02:34:14.863"/>
</kw>
<status status="PASS" starttime="20211101 02:34:12.549" endtime="20211101 02:34:14.863"/>
</kw>
<status status="PASS" starttime="20211101 02:34:09.142" endtime="20211101 02:34:14.863"/>
</test>
<status status="PASS" starttime="20211101 02:34:09.137" endtime="20211101 02:34:14.864"/>
</suite>
<status status="PASS" starttime="20211101 02:33:50.269" endtime="20211101 02:34:14.866"/>
</suite>
<statistics>
<total>
<stat pass="4" fail="0" skip="0">All Tests</stat>
</total>
<tag>
<stat pass="1" fail="0" skip="0">ironman</stat>
</tag>
<suite>
<stat pass="4" fail="0" skip="0" id="s1" name="Tests">Tests</stat>
<stat pass="3" fail="0" skip="0" id="s1-s1" name="Chekbox">Tests.Chekbox</stat>
<stat pass="1" fail="0" skip="0" id="s1-s2" name="Title">Tests.Title</stat>
</suite>
</statistics>
<errors>
</errors>
</robot>
